<?xml version="1.0" encoding="UTF-8"?>
<!-- Generated by org.testng.reporters.JUnitReportReporter -->
<testsuite hostname="LAPTOP-KUBDACGK" failures="0" tests="1" name="projectActivities.Activity2" time="7.737" errors="0" timestamp="2021-01-29T19:44:38 PST" skipped="0">
  <testcase classname="projectActivities.Activity2" name="GoogleKeepapptoaddanote" time="7.737"/>
  <system-out/>
</testsuite> <!-- projectActivities.Activity2 -->
